# JRE version: Java(TM) SE Runtime Environment (8.0_144-b01) (build 1.8.0_144-b01)
# Java VM: Java HotSpot(TM) 64-Bit Server VM (25.144-b01 mixed mode windows-amd64 compressed oops)
Heap:
 PSYoungGen      total 29696K, used 19177K [0x00000000eb200000, 0x00000000ed880000, 0x0000000100000000)
  eden space 21504K, 58% used [0x00000000eb200000,0x00000000ebe526b8,0x00000000ec700000)
  from space 8192K, 80% used [0x00000000ecf80000,0x00000000ed5e8000,0x00000000ed780000)
  to   space 8704K, 0% used [0x00000000ec700000,0x00000000ec700000,0x00000000ecf80000)
 ParOldGen       total 39936K, used 11202K [0x00000000c1600000, 0x00000000c3d00000, 0x00000000eb200000)
  object space 39936K, 28% used [0x00000000c1600000,0x00000000c20f0a00,0x00000000c3d00000)
 Metaspace       used 21878K, capacity 22565K, committed 22832K, reserved 1069056K
  class space    used 2515K, capacity 2678K, committed 2688K, reserved 1048576K
GC Heap History (10 events):
Event: 5.430 GC heap before
{Heap before GC invocations=5 (full 1):
 PSYoungGen      total 18944K, used 2544K [0x00000000eb200000, 0x00000000ed700000, 0x0000000100000000)
  eden space 16384K, 0% used [0x00000000eb200000,0x00000000eb200000,0x00000000ec200000)
  from space 2560K, 99% used [0x00000000ec480000,0x00000000ec6fc060,0x00000000ec700000)
  to   space 2560K, 0% used [0x00000000ec200000,0x00000000ec200000,0x00000000ec480000)
 ParOldGen       total 44032K, used 7972K [0x00000000c1600000, 0x00000000c4100000, 0x00000000eb200000)
  object space 44032K, 18% used [0x00000000c1600000,0x00000000c1dc93c0,0x00000000c4100000)
 Metaspace       used 20425K, capacity 21139K, committed 21296K, reserved 1069056K
  class space    used 2426K, capacity 2607K, committed 2688K, reserved 1048576K
Event: 5.500 GC heap after
Heap after GC invocations=5 (full 1):
 PSYoungGen      total 18944K, used 0K [0x00000000eb200000, 0x00000000ed700000, 0x0000000100000000)
  eden space 16384K, 0% used [0x00000000eb200000,0x00000000eb200000,0x00000000ec200000)
  from space 2560K, 0% used [0x00000000ec480000,0x00000000ec480000,0x00000000ec700000)
  to   space 2560K, 0% used [0x00000000ec200000,0x00000000ec200000,0x00000000ec480000)
 ParOldGen       total 39936K, used 8868K [0x00000000c1600000, 0x00000000c3d00000, 0x00000000eb200000)
  object space 39936K, 22% used [0x00000000c1600000,0x00000000c1ea93c8,0x00000000c3d00000)
 Metaspace       used 20424K, capacity 21133K, committed 21296K, reserved 1069056K
  class space    used 2425K, capacity 2606K, committed 2688K, reserved 1048576K
}
Event: 37.509 GC heap before
{Heap before GC invocations=6 (full 1):
 PSYoungGen      total 18944K, used 16384K [0x00000000eb200000, 0x00000000ed700000, 0x0000000100000000)
  eden space 16384K, 100% used [0x00000000eb200000,0x00000000ec200000,0x00000000ec200000)
  from space 2560K, 0% used [0x00000000ec480000,0x00000000ec480000,0x00000000ec700000)
  to   space 2560K, 0% used [0x00000000ec200000,0x00000000ec200000,0x00000000ec480000)
 ParOldGen       total 39936K, used 8868K [0x00000000c1600000, 0x00000000c3d00000, 0x00000000eb200000)
  object space 39936K, 22% used [0x00000000c1600000,0x00000000c1ea93c8,0x00000000c3d00000)
 Metaspace       used 21871K, capacity 22565K, committed 22832K, reserved 1069056K
  class space    used 2515K, capacity 2678K, committed 2688K, reserved 1048576K
Event: 37.537 GC heap after
Heap after GC invocations=6 (full 1):
 PSYoungGen      total 18944K, used 2560K [0x00000000eb200000, 0x00000000ed780000, 0x0000000100000000)
  eden space 16384K, 0% used [0x00000000eb200000,0x00000000eb200000,0x00000000ec200000)
  from space 2560K, 100% used [0x00000000ec200000,0x00000000ec480000,0x00000000ec480000)
  to   space 7680K, 0% used [0x00000000ed000000,0x00000000ed000000,0x00000000ed780000)
 ParOldGen       total 39936K, used 11186K [0x00000000c1600000, 0x00000000c3d00000, 0x00000000eb200000)
  object space 39936K, 28% used [0x00000000c1600000,0x00000000c20eca00,0x00000000c3d00000)
 Metaspace       used 21871K, capacity 22565K, committed 22832K, reserved 1069056K
  class space    used 2515K, capacity 2678K, committed 2688K, reserved 1048576K
}
Event: 86.247 GC heap before
{Heap before GC invocations=7 (full 1):
 PSYoungGen      total 18944K, used 18944K [0x00000000eb200000, 0x00000000ed780000, 0x0000000100000000)
  eden space 16384K, 100% used [0x00000000eb200000,0x00000000ec200000,0x00000000ec200000)
  from space 2560K, 100% used [0x00000000ec200000,0x00000000ec480000,0x00000000ec480000)
  to   space 7680K, 0% used [0x00000000ed000000,0x00000000ed000000,0x00000000ed780000)
 ParOldGen       total 39936K, used 11186K [0x00000000c1600000, 0x00000000c3d00000, 0x00000000eb200000)
  object space 39936K, 28% used [0x00000000c1600000,0x00000000c20eca00,0x00000000c3d00000)
 Metaspace       used 21878K, capacity 22565K, committed 22832K, reserved 1069056K
  class space    used 2515K, capacity 2678K, committed 2688K, reserved 1048576K
Event: 86.274 GC heap after
Heap after GC invocations=7 (full 1):
 PSYoungGen      total 28672K, used 5312K [0x00000000eb200000, 0x00000000ed680000, 0x0000000100000000)
  eden space 22016K, 0% used [0x00000000eb200000,0x00000000eb200000,0x00000000ec780000)
  from space 6656K, 79% used [0x00000000ed000000,0x00000000ed530000,0x00000000ed680000)
  to   space 7680K, 0% used [0x00000000ec780000,0x00000000ec780000,0x00000000ecf00000)
 ParOldGen       total 39936K, used 11194K [0x00000000c1600000, 0x00000000c3d00000, 0x00000000eb200000)
  object space 39936K, 28% used [0x00000000c1600000,0x00000000c20eea00,0x00000000c3d00000)
 Metaspace       used 21878K, capacity 22565K, committed 22832K, reserved 1069056K
  class space    used 2515K, capacity 2678K, committed 2688K, reserved 1048576K
}
Event: 164.766 GC heap before
{Heap before GC invocations=8 (full 1):
 PSYoungGen      total 28672K, used 27328K [0x00000000eb200000, 0x00000000ed680000, 0x0000000100000000)
  eden space 22016K, 100% used [0x00000000eb200000,0x00000000ec780000,0x00000000ec780000)
  from space 6656K, 79% used [0x00000000ed000000,0x00000000ed530000,0x00000000ed680000)
  to   space 7680K, 0% used [0x00000000ec780000,0x00000000ec780000,0x00000000ecf00000)
 ParOldGen       total 39936K, used 11194K [0x00000000c1600000, 0x00000000c3d00000, 0x00000000eb200000)
  object space 39936K, 28% used [0x00000000c1600000,0x00000000c20eea00,0x00000000c3d00000)
 Metaspace       used 21878K, capacity 22565K, committed 22832K, reserved 1069056K
  class space    used 2515K, capacity 2678K, committed 2688K, reserved 1048576K
Event: 164.886 GC heap after
Heap after GC invocations=8 (full 1):
 PSYoungGen      total 29696K, used 6560K [0x00000000eb200000, 0x00000000ed780000, 0x0000000100000000)
  eden space 22016K, 0% used [0x00000000eb200000,0x00000000eb200000,0x00000000ec780000)
  from space 7680K, 85% used [0x00000000ec780000,0x00000000ecde8000,0x00000000ecf00000)
  to   space 8192K, 0% used [0x00000000ecf80000,0x00000000ecf80000,0x00000000ed780000)
 ParOldGen       total 39936K, used 11202K [0x00000000c1600000, 0x00000000c3d00000, 0x00000000eb200000)
  object space 39936K, 28% used [0x00000000c1600000,0x00000000c20f0a00,0x00000000c3d00000)
 Metaspace       used 21878K, capacity 22565K, committed 22832K, reserved 1069056K
  class space    used 2515K, capacity 2678K, committed 2688K, reserved 1048576K
}
Event: 243.722 GC heap before
{Heap before GC invocations=9 (full 1):
 PSYoungGen      total 29696K, used 28576K [0x00000000eb200000, 0x00000000ed780000, 0x0000000100000000)
  eden space 22016K, 100% used [0x00000000eb200000,0x00000000ec780000,0x00000000ec780000)
  from space 7680K, 85% used [0x00000000ec780000,0x00000000ecde8000,0x00000000ecf00000)
  to   space 8192K, 0% used [0x00000000ecf80000,0x00000000ecf80000,0x00000000ed780000)
 ParOldGen       total 39936K, used 11202K [0x00000000c1600000, 0x00000000c3d00000, 0x00000000eb200000)
  object space 39936K, 28% used [0x00000000c1600000,0x00000000c20f0a00,0x00000000c3d00000)
 Metaspace       used 21878K, capacity 22565K, committed 22832K, reserved 1069056K
  class space    used 2515K, capacity 2678K, committed 2688K, reserved 1048576K
Event: 243.757 GC heap after
Heap after GC invocations=9 (full 1):
 PSYoungGen      total 29696K, used 6560K [0x00000000eb200000, 0x00000000ed880000, 0x0000000100000000)
  eden space 21504K, 0% used [0x00000000eb200000,0x00000000eb200000,0x00000000ec700000)
  from space 8192K, 80% used [0x00000000ecf80000,0x00000000ed5e8000,0x00000000ed780000)
  to   space 8704K, 0% used [0x00000000ec700000,0x00000000ec700000,0x00000000ecf80000)
 ParOldGen       total 39936K, used 11202K [0x00000000c1600000, 0x00000000c3d00000, 0x00000000eb200000)
  object space 39936K, 28% used [0x00000000c1600000,0x00000000c20f0a00,0x00000000c3d00000)
 Metaspace       used 21878K, capacity 22565K, committed 22832K, reserved 1069056K
  class space    used 2515K, capacity 2678K, committed 2688K, reserved 1048576K
}

